<?xml version="1.0" encoding="UTF-8"?>
<!-- Generated by org.testng.reporters.JUnitReportReporter -->
<testsuite hostname="LAPTOP-2S8JFND3" failures="0" tests="6" name="testCases.AddUnit" time="70.990" errors="0" timestamp="2024-04-15T20:25:56 IST" skipped="1">
  <testcase classname="testCases.AddUnit" name="addUnit" time="21.278"/>
  <testcase classname="testCases.AddUnit" name="searchUnit" time="8.287"/>
  <testcase classname="testCases.AddUnit" name="addBrand" time="20.757"/>
  <testcase classname="testCases.AddUnit" name="searchBrand" time="10.330"/>
  <testcase classname="testCases.AddUnit" name="deleteBrand" time="10.338"/>
  <testcase classname="testCases.AddUnit" name="addBrandwoValue">
    <skipped/>
  </testcase> <!-- addBrandwoValue -->
</testsuite> <!-- testCases.AddUnit -->
