<?xml version="1.0" encoding="UTF-8"?>
<!-- Generated by org.testng.reporters.JUnitReportReporter -->
<testsuite hostname="LAPTOP-2S8JFND3" failures="0" tests="2" name="testCases.ValidLogin" time="16.718" errors="0" timestamp="2024-04-15T20:25:56 IST" skipped="0">
  <testcase classname="testCases.ValidLogin" name="invalidLogin" time="3.966"/>
  <testcase classname="testCases.ValidLogin" name="login" time="12.752"/>
</testsuite> <!-- testCases.ValidLogin -->
