<?xml version="1.0" encoding="UTF-8"?>
<!-- Generated by org.testng.reporters.JUnitReportReporter -->
<testsuite hostname="LAPTOP-2S8JFND3" failures="0" tests="3" name="testCases.AddProduct" time="58.940" errors="0" timestamp="2024-04-15T20:25:56 IST" skipped="0">
  <testcase classname="testCases.AddProduct" name="addProduct" time="34.266"/>
  <testcase classname="testCases.AddProduct" name="searchProduct" time="10.264"/>
  <testcase classname="testCases.AddProduct" name="deleteproduct" time="14.410"/>
</testsuite> <!-- testCases.AddProduct -->
